Sat 08 Jul 2023 13:37:31 INFO  ['/opt/conda/lib/python3.8/site-packages/ipykernel_launcher.py', '--ip=127.0.0.1', '--stdin=9013', '--control=9011', '--hb=9010', '--Session.signature_scheme="hmac-sha256"', '--Session.key=b"a6efb184-5ec9-4ced-b8ba-ad2275cea125"', '--shell=9012', '--transport="tcp"', '--iopub=9014', '--f=/root/.local/share/jupyter/runtime/kernel-v2-6318D9k267AvL8uD.json']
Sat 08 Jul 2023 13:37:31 INFO  
General Hyper Parameters:
gpu_id = 0
use_gpu = True
seed = 2020
state = INFO
reproducibility = True
data_path = /opt/ml/wine/dataset/train_data
checkpoint_dir = saved
show_progress = False
save_dataset = False
dataset_save_path = None
save_dataloaders = False
dataloaders_save_path = None
log_wandb = False

Training Hyper Parameters:
epochs = 500
train_batch_size = 1024
learner = adam
learning_rate = 0.001
train_neg_sample_args = {'distribution': 'none', 'sample_num': 'none', 'alpha': 'none', 'dynamic': False, 'candidate_num': 0}
eval_step = 1
stopping_step = 10
clip_grad_norm = None
weight_decay = 0.0
loss_decimal_place = 4

Evaluation Hyper Parameters:
eval_args = {'split': {'RS': [8, 1, 1]}, 'order': 'RO', 'group_by': 'user', 'mode': 'labeled'}
repeatable = False
metrics = ['AUC', 'LogLoss']
topk = [10]
valid_metric = AUC
valid_metric_bigger = True
eval_batch_size = 1024
metric_decimal_place = 4

Dataset Hyper Parameters:
field_separator = 	
seq_separator =  
USER_ID_FIELD = user_id
ITEM_ID_FIELD = item_id
RATING_FIELD = rating
TIME_FIELD = timestamp
seq_len = None
LABEL_FIELD = label
threshold = {'user_rating': 3.5}
NEG_PREFIX = neg_
load_col = {'inter': ['user_id', 'user_rating', 'item_id'], 'user': ['user_id', 'count', 'mean'], 'item': ['item_id', 'country', 'region', 'winery', 'winetype', 'grape', 'vintage', 'price', 'rating', 'num_votes', 'wine_style', 'Red Fruit_count', 'Tropical_count', 'Tree Fruit_count', 'Oaky_count', 'Ageing_count', 'Black Fruit_count', 'Citrus_count', 'Dried Fruit_count', 'Earthy_count', 'Floral_count', 'Microbio_count', 'Spices_count', 'Vegetal_count']}
unload_col = None
unused_col = None
additional_feat_suffix = None
rm_dup_inter = None
val_interval = None
filter_inter_by_user_or_item = True
user_inter_num_interval = [0,inf)
item_inter_num_interval = [0,inf)
alias_of_user_id = None
alias_of_item_id = None
alias_of_entity_id = None
alias_of_relation_id = None
preload_weight = None
normalize_field = None
normalize_all = True
ITEM_LIST_LENGTH_FIELD = item_length
LIST_SUFFIX = _list
MAX_ITEM_LIST_LENGTH = 50
POSITION_FIELD = position_id
HEAD_ENTITY_ID_FIELD = head_id
TAIL_ENTITY_ID_FIELD = tail_id
RELATION_ID_FIELD = relation_id
ENTITY_ID_FIELD = entity_id
benchmark_filename = None

Other Hyper Parameters: 
worker = 0
wandb_project = recbole
shuffle = True
require_pow = False
enable_amp = False
enable_scaler = False
transform = None
embedding_size = 10
mlp_hidden_size = [256, 256, 256]
cross_layer_num = 6
reg_weight = 2
dropout_prob = 0.2
numerical_features = []
discretization = None
kg_reverse_r = False
entity_kg_num_interval = [0,inf)
relation_kg_num_interval = [0,inf)
MODEL_TYPE = ModelType.CONTEXT
device = cuda
MODEL_INPUT_TYPE = InputType.POINTWISE
eval_type = EvaluatorType.VALUE
single_spec = True
local_rank = 0
eval_neg_sample_args = {'distribution': 'none', 'sample_num': 'none'}


Sat 08 Jul 2023 13:38:26 INFO  train_data
The number of users: 1154808
Average actions of users: 5.042714496881297
The number of items: 74923
Average actions of items: 306.8318668001475
The number of inters: 5823362
The sparsity of the dataset: 99.99326947648896%
Remain Fields: ['user_id', 'item_id', 'count', 'mean', 'country', 'region', 'winery', 'winetype', 'grape', 'vintage', 'price', 'rating', 'num_votes', 'wine_style', 'Red Fruit_count', 'Tropical_count', 'Tree Fruit_count', 'Oaky_count', 'Ageing_count', 'Black Fruit_count', 'Citrus_count', 'Dried Fruit_count', 'Earthy_count', 'Floral_count', 'Microbio_count', 'Spices_count', 'Vegetal_count', 'label']
Sat 08 Jul 2023 13:38:59 INFO  [Training]: train_batch_size = [1024] train_neg_sample_args: [{'distribution': 'none', 'sample_num': 'none', 'alpha': 'none', 'dynamic': False, 'candidate_num': 0}]
Sat 08 Jul 2023 13:38:59 INFO  [Evaluation]: eval_batch_size = [1024] eval_args: [{'split': {'RS': [8, 1, 1]}, 'order': 'RO', 'group_by': 'user', 'mode': 'labeled'}]
