Fri 07 Jul 2023 14:53:55 INFO  ['/opt/conda/lib/python3.8/site-packages/ipykernel_launcher.py', '--ip=127.0.0.1', '--stdin=9003', '--control=9001', '--hb=9000', '--Session.signature_scheme="hmac-sha256"', '--Session.key=b"0792be02-465e-4d40-a788-8ce19f865551"', '--shell=9002', '--transport="tcp"', '--iopub=9004', '--f=/opt/ml/.local/share/jupyter/runtime/kernel-v2-85391nGXq2Jfy7EcQ.json']
Fri 07 Jul 2023 14:53:55 INFO  
General Hyper Parameters:
gpu_id = 0
use_gpu = True
seed = 2020
state = INFO
reproducibility = True
data_path = /opt/ml/wine/dataset/train_data
checkpoint_dir = saved
show_progress = False
save_dataset = False
dataset_save_path = None
save_dataloaders = False
dataloaders_save_path = None
log_wandb = False

Training Hyper Parameters:
epochs = 500
train_batch_size = 1024
learner = adam
learning_rate = 0.001
train_neg_sample_args = {'distribution': 'none', 'sample_num': 'none', 'alpha': 'none', 'dynamic': False, 'candidate_num': 0}
eval_step = 1
stopping_step = 10
clip_grad_norm = None
weight_decay = 0.0
loss_decimal_place = 4

Evaluation Hyper Parameters:
eval_args = {'split': {'RS': [0.8, 0.1, 0.1]}, 'order': 'RO', 'group_by': None, 'mode': 'labeled'}
repeatable = False
metrics = ['AUC', 'LogLoss']
topk = [10]
valid_metric = AUC
valid_metric_bigger = True
eval_batch_size = 1024
metric_decimal_place = 4

Dataset Hyper Parameters:
field_separator = 	
seq_separator =  
USER_ID_FIELD = user_id
ITEM_ID_FIELD = item_id
RATING_FIELD = user_rating
TIME_FIELD = timestamp
seq_len = None
LABEL_FIELD = label
threshold = {'rating': 4}
NEG_PREFIX = neg_
load_col = {'user': ['user_id', 'count', 'mean'], 'inter': ['user_id', 'item_id', 'user_rating'], 'item': ['country', 'region', 'winery', 'winetype', 'grape', 'vintage', 'price', 'rating', 'num_votes', 'wine_style', 'Red Fruit_count', 'Tropical_count', 'Tree Fruit_count', 'Oaky_count', 'Ageing_count', 'Black Fruit_count', 'Citrus_count', 'Dried Fruit_count', 'Earthy_count', 'Floral_count', 'Microbio_count', 'Spices_count', 'Vegetal_count', 'item_id']}
unload_col = None
unused_col = None
additional_feat_suffix = None
rm_dup_inter = None
val_interval = None
filter_inter_by_user_or_item = True
user_inter_num_interval = [0,inf)
item_inter_num_interval = [0,inf)
alias_of_user_id = None
alias_of_item_id = None
alias_of_entity_id = None
alias_of_relation_id = None
preload_weight = None
normalize_field = None
normalize_all = True
ITEM_LIST_LENGTH_FIELD = item_length
LIST_SUFFIX = _list
MAX_ITEM_LIST_LENGTH = 50
POSITION_FIELD = position_id
HEAD_ENTITY_ID_FIELD = head_id
TAIL_ENTITY_ID_FIELD = tail_id
RELATION_ID_FIELD = relation_id
ENTITY_ID_FIELD = entity_id
benchmark_filename = None

Other Hyper Parameters: 
worker = 0
wandb_project = recbole
shuffle = True
require_pow = False
enable_amp = False
enable_scaler = False
transform = None
embedding_size = 10
mlp_hidden_size = [256, 256, 256]
cross_layer_num = 6
reg_weight = 2
dropout_prob = 0.2
numerical_features = []
discretization = None
kg_reverse_r = False
entity_kg_num_interval = [0,inf)
relation_kg_num_interval = [0,inf)
MODEL_TYPE = ModelType.CONTEXT
device = cuda
MODEL_INPUT_TYPE = InputType.POINTWISE
eval_type = EvaluatorType.VALUE
single_spec = True
local_rank = 0
eval_neg_sample_args = {'distribution': 'none', 'sample_num': 'none'}


Fri 07 Jul 2023 14:56:02 INFO  ['/opt/conda/lib/python3.8/site-packages/ipykernel_launcher.py', '--ip=127.0.0.1', '--stdin=9003', '--control=9001', '--hb=9000', '--Session.signature_scheme="hmac-sha256"', '--Session.key=b"0792be02-465e-4d40-a788-8ce19f865551"', '--shell=9002', '--transport="tcp"', '--iopub=9004', '--f=/opt/ml/.local/share/jupyter/runtime/kernel-v2-85391nGXq2Jfy7EcQ.json']
Fri 07 Jul 2023 14:56:02 INFO  
General Hyper Parameters:
gpu_id = 0
use_gpu = True
seed = 2020
state = INFO
reproducibility = True
data_path = /opt/ml/wine/dataset/train_data
checkpoint_dir = saved
show_progress = False
save_dataset = False
dataset_save_path = None
save_dataloaders = False
dataloaders_save_path = None
log_wandb = False

Training Hyper Parameters:
epochs = 500
train_batch_size = 1024
learner = adam
learning_rate = 0.001
train_neg_sample_args = {'distribution': 'none', 'sample_num': 'none', 'alpha': 'none', 'dynamic': False, 'candidate_num': 0}
eval_step = 1
stopping_step = 10
clip_grad_norm = None
weight_decay = 0.0
loss_decimal_place = 4

Evaluation Hyper Parameters:
eval_args = {'split': {'RS': [0.8, 0.1, 0.1]}, 'order': 'RO', 'group_by': None, 'mode': 'labeled'}
repeatable = False
metrics = ['AUC', 'LogLoss']
topk = [10]
valid_metric = AUC
valid_metric_bigger = True
eval_batch_size = 1024
metric_decimal_place = 4

Dataset Hyper Parameters:
field_separator = 	
seq_separator =  
USER_ID_FIELD = user_id
ITEM_ID_FIELD = item_id
RATING_FIELD = user_rating
TIME_FIELD = timestamp
seq_len = None
LABEL_FIELD = label
threshold = {'rating': 4}
NEG_PREFIX = neg_
load_col = {'user': ['user_id', 'count', 'mean'], 'inter': ['user_id', 'item_id', 'user_rating'], 'item': ['country', 'region', 'winery', 'winetype', 'grape', 'vintage', 'price', 'rating', 'num_votes', 'wine_style', 'Red Fruit_count', 'Tropical_count', 'Tree Fruit_count', 'Oaky_count', 'Ageing_count', 'Black Fruit_count', 'Citrus_count', 'Dried Fruit_count', 'Earthy_count', 'Floral_count', 'Microbio_count', 'Spices_count', 'Vegetal_count', 'item_id']}
unload_col = None
unused_col = None
additional_feat_suffix = None
rm_dup_inter = None
val_interval = None
filter_inter_by_user_or_item = True
user_inter_num_interval = [0,inf)
item_inter_num_interval = [0,inf)
alias_of_user_id = None
alias_of_item_id = None
alias_of_entity_id = None
alias_of_relation_id = None
preload_weight = None
normalize_field = None
normalize_all = True
ITEM_LIST_LENGTH_FIELD = item_length
LIST_SUFFIX = _list
MAX_ITEM_LIST_LENGTH = 50
POSITION_FIELD = position_id
HEAD_ENTITY_ID_FIELD = head_id
TAIL_ENTITY_ID_FIELD = tail_id
RELATION_ID_FIELD = relation_id
ENTITY_ID_FIELD = entity_id
benchmark_filename = None

Other Hyper Parameters: 
worker = 0
wandb_project = recbole
shuffle = True
require_pow = False
enable_amp = False
enable_scaler = False
transform = None
embedding_size = 10
mlp_hidden_size = [256, 256, 256]
cross_layer_num = 6
reg_weight = 2
dropout_prob = 0.2
numerical_features = []
discretization = None
kg_reverse_r = False
entity_kg_num_interval = [0,inf)
relation_kg_num_interval = [0,inf)
MODEL_TYPE = ModelType.CONTEXT
device = cuda
MODEL_INPUT_TYPE = InputType.POINTWISE
eval_type = EvaluatorType.VALUE
single_spec = True
local_rank = 0
eval_neg_sample_args = {'distribution': 'none', 'sample_num': 'none'}


Fri 07 Jul 2023 14:59:06 INFO  ['/opt/conda/lib/python3.8/site-packages/ipykernel_launcher.py', '--ip=127.0.0.1', '--stdin=9003', '--control=9001', '--hb=9000', '--Session.signature_scheme="hmac-sha256"', '--Session.key=b"0792be02-465e-4d40-a788-8ce19f865551"', '--shell=9002', '--transport="tcp"', '--iopub=9004', '--f=/opt/ml/.local/share/jupyter/runtime/kernel-v2-85391nGXq2Jfy7EcQ.json']
Fri 07 Jul 2023 14:59:06 INFO  
General Hyper Parameters:
gpu_id = 0
use_gpu = True
seed = 2020
state = INFO
reproducibility = True
data_path = /opt/ml/wine/dataset/train_data
checkpoint_dir = saved
show_progress = False
save_dataset = False
dataset_save_path = None
save_dataloaders = False
dataloaders_save_path = None
log_wandb = False

Training Hyper Parameters:
epochs = 500
train_batch_size = 1024
learner = adam
learning_rate = 0.001
train_neg_sample_args = {'distribution': 'none', 'sample_num': 'none', 'alpha': 'none', 'dynamic': False, 'candidate_num': 0}
eval_step = 1
stopping_step = 10
clip_grad_norm = None
weight_decay = 0.0
loss_decimal_place = 4

Evaluation Hyper Parameters:
eval_args = {'split': {'RS': [0.8, 0.1, 0.1]}, 'order': 'RO', 'group_by': None, 'mode': 'labeled'}
repeatable = False
metrics = ['AUC', 'LogLoss']
topk = [10]
valid_metric = AUC
valid_metric_bigger = True
eval_batch_size = 1024
metric_decimal_place = 4

Dataset Hyper Parameters:
field_separator = 	
seq_separator =  
USER_ID_FIELD = user_id
ITEM_ID_FIELD = item_id
RATING_FIELD = user_rating
TIME_FIELD = timestamp
seq_len = None
LABEL_FIELD = label
threshold = {'rating': 4}
NEG_PREFIX = neg_
load_col = {'user': ['user_id', 'count', 'mean'], 'inter': ['user_id', 'user_rating', 'item_id'], 'item': ['country', 'region', 'winery', 'winetype', 'grape', 'vintage', 'price', 'rating', 'num_votes', 'wine_style', 'Red Fruit_count', 'Tropical_count', 'Tree Fruit_count', 'Oaky_count', 'Ageing_count', 'Black Fruit_count', 'Citrus_count', 'Dried Fruit_count', 'Earthy_count', 'Floral_count', 'Microbio_count', 'Spices_count', 'Vegetal_count', 'item_id']}
unload_col = None
unused_col = None
additional_feat_suffix = None
rm_dup_inter = None
val_interval = None
filter_inter_by_user_or_item = True
user_inter_num_interval = [0,inf)
item_inter_num_interval = [0,inf)
alias_of_user_id = None
alias_of_item_id = None
alias_of_entity_id = None
alias_of_relation_id = None
preload_weight = None
normalize_field = None
normalize_all = True
ITEM_LIST_LENGTH_FIELD = item_length
LIST_SUFFIX = _list
MAX_ITEM_LIST_LENGTH = 50
POSITION_FIELD = position_id
HEAD_ENTITY_ID_FIELD = head_id
TAIL_ENTITY_ID_FIELD = tail_id
RELATION_ID_FIELD = relation_id
ENTITY_ID_FIELD = entity_id
benchmark_filename = None

Other Hyper Parameters: 
worker = 0
wandb_project = recbole
shuffle = True
require_pow = False
enable_amp = False
enable_scaler = False
transform = None
embedding_size = 10
mlp_hidden_size = [256, 256, 256]
cross_layer_num = 6
reg_weight = 2
dropout_prob = 0.2
numerical_features = []
discretization = None
kg_reverse_r = False
entity_kg_num_interval = [0,inf)
relation_kg_num_interval = [0,inf)
MODEL_TYPE = ModelType.CONTEXT
device = cuda
MODEL_INPUT_TYPE = InputType.POINTWISE
eval_type = EvaluatorType.VALUE
single_spec = True
local_rank = 0
eval_neg_sample_args = {'distribution': 'none', 'sample_num': 'none'}


Fri 07 Jul 2023 15:03:31 INFO  ['/opt/conda/lib/python3.8/site-packages/ipykernel_launcher.py', '--ip=127.0.0.1', '--stdin=9003', '--control=9001', '--hb=9000', '--Session.signature_scheme="hmac-sha256"', '--Session.key=b"0792be02-465e-4d40-a788-8ce19f865551"', '--shell=9002', '--transport="tcp"', '--iopub=9004', '--f=/opt/ml/.local/share/jupyter/runtime/kernel-v2-85391nGXq2Jfy7EcQ.json']
Fri 07 Jul 2023 15:03:31 INFO  
General Hyper Parameters:
gpu_id = 0
use_gpu = True
seed = 2020
state = INFO
reproducibility = True
data_path = /opt/ml/wine/dataset/train_data
checkpoint_dir = saved
show_progress = False
save_dataset = False
dataset_save_path = None
save_dataloaders = False
dataloaders_save_path = None
log_wandb = False

Training Hyper Parameters:
epochs = 500
train_batch_size = 1024
learner = adam
learning_rate = 0.001
train_neg_sample_args = {'distribution': 'none', 'sample_num': 'none', 'alpha': 'none', 'dynamic': False, 'candidate_num': 0}
eval_step = 1
stopping_step = 10
clip_grad_norm = None
weight_decay = 0.0
loss_decimal_place = 4

Evaluation Hyper Parameters:
eval_args = {'split': {'RS': [0.8, 0.1, 0.1]}, 'order': 'RO', 'group_by': None, 'mode': 'labeled'}
repeatable = False
metrics = ['AUC', 'LogLoss']
topk = [10]
valid_metric = AUC
valid_metric_bigger = True
eval_batch_size = 1024
metric_decimal_place = 4

Dataset Hyper Parameters:
field_separator = 	
seq_separator =  
USER_ID_FIELD = user_id
ITEM_ID_FIELD = item_id
RATING_FIELD = user_rating
TIME_FIELD = timestamp
seq_len = None
LABEL_FIELD = label
threshold = {'user_rating': 4}
NEG_PREFIX = neg_
load_col = {'user': ['user_id', 'count', 'mean'], 'inter': ['user_id', 'user_rating', 'item_id'], 'item': ['country', 'region', 'winery', 'winetype', 'grape', 'vintage', 'price', 'rating', 'num_votes', 'wine_style', 'Red Fruit_count', 'Tropical_count', 'Tree Fruit_count', 'Oaky_count', 'Ageing_count', 'Black Fruit_count', 'Citrus_count', 'Dried Fruit_count', 'Earthy_count', 'Floral_count', 'Microbio_count', 'Spices_count', 'Vegetal_count', 'item_id']}
unload_col = None
unused_col = None
additional_feat_suffix = None
rm_dup_inter = None
val_interval = None
filter_inter_by_user_or_item = True
user_inter_num_interval = [0,inf)
item_inter_num_interval = [0,inf)
alias_of_user_id = None
alias_of_item_id = None
alias_of_entity_id = None
alias_of_relation_id = None
preload_weight = None
normalize_field = None
normalize_all = True
ITEM_LIST_LENGTH_FIELD = item_length
LIST_SUFFIX = _list
MAX_ITEM_LIST_LENGTH = 50
POSITION_FIELD = position_id
HEAD_ENTITY_ID_FIELD = head_id
TAIL_ENTITY_ID_FIELD = tail_id
RELATION_ID_FIELD = relation_id
ENTITY_ID_FIELD = entity_id
benchmark_filename = None

Other Hyper Parameters: 
worker = 0
wandb_project = recbole
shuffle = True
require_pow = False
enable_amp = False
enable_scaler = False
transform = None
embedding_size = 10
mlp_hidden_size = [256, 256, 256]
cross_layer_num = 6
reg_weight = 2
dropout_prob = 0.2
numerical_features = []
discretization = None
kg_reverse_r = False
entity_kg_num_interval = [0,inf)
relation_kg_num_interval = [0,inf)
MODEL_TYPE = ModelType.CONTEXT
device = cuda
MODEL_INPUT_TYPE = InputType.POINTWISE
eval_type = EvaluatorType.VALUE
single_spec = True
local_rank = 0
eval_neg_sample_args = {'distribution': 'none', 'sample_num': 'none'}


Fri 07 Jul 2023 15:05:36 INFO  ['/opt/conda/lib/python3.8/site-packages/ipykernel_launcher.py', '--ip=127.0.0.1', '--stdin=9003', '--control=9001', '--hb=9000', '--Session.signature_scheme="hmac-sha256"', '--Session.key=b"0792be02-465e-4d40-a788-8ce19f865551"', '--shell=9002', '--transport="tcp"', '--iopub=9004', '--f=/opt/ml/.local/share/jupyter/runtime/kernel-v2-85391nGXq2Jfy7EcQ.json']
Fri 07 Jul 2023 15:05:36 INFO  
General Hyper Parameters:
gpu_id = 0
use_gpu = True
seed = 2020
state = INFO
reproducibility = True
data_path = /opt/ml/wine/dataset/train_data
checkpoint_dir = saved
show_progress = False
save_dataset = False
dataset_save_path = None
save_dataloaders = False
dataloaders_save_path = None
log_wandb = False

Training Hyper Parameters:
epochs = 500
train_batch_size = 1024
learner = adam
learning_rate = 0.001
train_neg_sample_args = {'distribution': 'none', 'sample_num': 'none', 'alpha': 'none', 'dynamic': False, 'candidate_num': 0}
eval_step = 1
stopping_step = 10
clip_grad_norm = None
weight_decay = 0.0
loss_decimal_place = 4

Evaluation Hyper Parameters:
eval_args = {'split': {'RS': [0.8, 0.1, 0.1]}, 'order': 'RO', 'group_by': None, 'mode': 'labeled'}
repeatable = False
metrics = ['AUC', 'LogLoss']
topk = [10]
valid_metric = AUC
valid_metric_bigger = True
eval_batch_size = 1024
metric_decimal_place = 4

Dataset Hyper Parameters:
field_separator = 	
seq_separator =  
USER_ID_FIELD = user_id
ITEM_ID_FIELD = item_id
RATING_FIELD = user_rating
TIME_FIELD = timestamp
seq_len = None
LABEL_FIELD = label
threshold = {'user_rating': 4}
NEG_PREFIX = neg_
load_col = {'user': ['user_id', 'count', 'mean'], 'inter': ['user_id', 'user_rating', 'item_id'], 'item': ['country', 'region', 'winery', 'winetype', 'grape', 'vintage', 'price', 'rating', 'num_votes', 'wine_style', 'Red Fruit_count', 'Tropical_count', 'Tree Fruit_count', 'Oaky_count', 'Ageing_count', 'Black Fruit_count', 'Citrus_count', 'Dried Fruit_count', 'Earthy_count', 'Floral_count', 'Microbio_count', 'Spices_count', 'Vegetal_count', 'item_id']}
unload_col = None
unused_col = None
additional_feat_suffix = None
rm_dup_inter = None
val_interval = None
filter_inter_by_user_or_item = True
user_inter_num_interval = [0,inf)
item_inter_num_interval = [0,inf)
alias_of_user_id = None
alias_of_item_id = None
alias_of_entity_id = None
alias_of_relation_id = None
preload_weight = None
normalize_field = None
normalize_all = True
ITEM_LIST_LENGTH_FIELD = item_length
LIST_SUFFIX = _list
MAX_ITEM_LIST_LENGTH = 50
POSITION_FIELD = position_id
HEAD_ENTITY_ID_FIELD = head_id
TAIL_ENTITY_ID_FIELD = tail_id
RELATION_ID_FIELD = relation_id
ENTITY_ID_FIELD = entity_id
benchmark_filename = None

Other Hyper Parameters: 
worker = 0
wandb_project = recbole
shuffle = True
require_pow = False
enable_amp = False
enable_scaler = False
transform = None
embedding_size = 10
mlp_hidden_size = [256, 256, 256]
cross_layer_num = 6
reg_weight = 2
dropout_prob = 0.2
numerical_features = []
discretization = None
kg_reverse_r = False
entity_kg_num_interval = [0,inf)
relation_kg_num_interval = [0,inf)
MODEL_TYPE = ModelType.CONTEXT
device = cuda
MODEL_INPUT_TYPE = InputType.POINTWISE
eval_type = EvaluatorType.VALUE
single_spec = True
local_rank = 0
eval_neg_sample_args = {'distribution': 'none', 'sample_num': 'none'}


Fri 07 Jul 2023 15:05:53 INFO  ['/opt/conda/lib/python3.8/site-packages/ipykernel_launcher.py', '--ip=127.0.0.1', '--stdin=9003', '--control=9001', '--hb=9000', '--Session.signature_scheme="hmac-sha256"', '--Session.key=b"0792be02-465e-4d40-a788-8ce19f865551"', '--shell=9002', '--transport="tcp"', '--iopub=9004', '--f=/opt/ml/.local/share/jupyter/runtime/kernel-v2-85391nGXq2Jfy7EcQ.json']
Fri 07 Jul 2023 15:05:53 INFO  
General Hyper Parameters:
gpu_id = 0
use_gpu = True
seed = 2020
state = INFO
reproducibility = True
data_path = /opt/ml/wine/dataset/train_data
checkpoint_dir = saved
show_progress = False
save_dataset = False
dataset_save_path = None
save_dataloaders = False
dataloaders_save_path = None
log_wandb = False

Training Hyper Parameters:
epochs = 500
train_batch_size = 1024
learner = adam
learning_rate = 0.001
train_neg_sample_args = {'distribution': 'none', 'sample_num': 'none', 'alpha': 'none', 'dynamic': False, 'candidate_num': 0}
eval_step = 1
stopping_step = 10
clip_grad_norm = None
weight_decay = 0.0
loss_decimal_place = 4

Evaluation Hyper Parameters:
eval_args = {'split': {'RS': [0.8, 0.1, 0.1]}, 'order': 'RO', 'group_by': None, 'mode': 'labeled'}
repeatable = False
metrics = ['AUC', 'LogLoss']
topk = [10]
valid_metric = AUC
valid_metric_bigger = True
eval_batch_size = 1024
metric_decimal_place = 4

Dataset Hyper Parameters:
field_separator = 	
seq_separator =  
USER_ID_FIELD = user_id
ITEM_ID_FIELD = item_id
RATING_FIELD = user_rating
TIME_FIELD = timestamp
seq_len = None
LABEL_FIELD = label
threshold = {'user_rating': 4}
NEG_PREFIX = neg_
load_col = {'user': ['user_id', 'count', 'mean'], 'inter': ['user_id', 'user_rating', 'item_id'], 'item': ['country', 'region', 'winery', 'winetype', 'grape', 'vintage', 'price', 'rating', 'num_votes', 'wine_style', 'Red Fruit_count', 'Tropical_count', 'Tree Fruit_count', 'Oaky_count', 'Ageing_count', 'Black Fruit_count', 'Citrus_count', 'Dried Fruit_count', 'Earthy_count', 'Floral_count', 'Microbio_count', 'Spices_count', 'Vegetal_count', 'item_id']}
unload_col = None
unused_col = None
additional_feat_suffix = None
rm_dup_inter = None
val_interval = None
filter_inter_by_user_or_item = True
user_inter_num_interval = [0,inf)
item_inter_num_interval = [0,inf)
alias_of_user_id = None
alias_of_item_id = None
alias_of_entity_id = None
alias_of_relation_id = None
preload_weight = None
normalize_field = None
normalize_all = True
ITEM_LIST_LENGTH_FIELD = item_length
LIST_SUFFIX = _list
MAX_ITEM_LIST_LENGTH = 50
POSITION_FIELD = position_id
HEAD_ENTITY_ID_FIELD = head_id
TAIL_ENTITY_ID_FIELD = tail_id
RELATION_ID_FIELD = relation_id
ENTITY_ID_FIELD = entity_id
benchmark_filename = None

Other Hyper Parameters: 
worker = 0
wandb_project = recbole
shuffle = True
require_pow = False
enable_amp = False
enable_scaler = False
transform = None
embedding_size = 10
mlp_hidden_size = [256, 256, 256]
cross_layer_num = 6
reg_weight = 2
dropout_prob = 0.2
numerical_features = []
discretization = None
kg_reverse_r = False
entity_kg_num_interval = [0,inf)
relation_kg_num_interval = [0,inf)
MODEL_TYPE = ModelType.CONTEXT
device = cuda
MODEL_INPUT_TYPE = InputType.POINTWISE
eval_type = EvaluatorType.VALUE
single_spec = True
local_rank = 0
eval_neg_sample_args = {'distribution': 'none', 'sample_num': 'none'}


Fri 07 Jul 2023 15:16:23 INFO  ['/opt/conda/lib/python3.8/site-packages/ipykernel_launcher.py', '--ip=127.0.0.1', '--stdin=9003', '--control=9001', '--hb=9000', '--Session.signature_scheme="hmac-sha256"', '--Session.key=b"0792be02-465e-4d40-a788-8ce19f865551"', '--shell=9002', '--transport="tcp"', '--iopub=9004', '--f=/opt/ml/.local/share/jupyter/runtime/kernel-v2-85391nGXq2Jfy7EcQ.json']
Fri 07 Jul 2023 15:16:23 INFO  
General Hyper Parameters:
gpu_id = 0
use_gpu = True
seed = 2020
state = INFO
reproducibility = True
data_path = /opt/ml/wine/dataset/train_data
checkpoint_dir = saved
show_progress = False
save_dataset = False
dataset_save_path = None
save_dataloaders = False
dataloaders_save_path = None
log_wandb = False

Training Hyper Parameters:
epochs = 500
train_batch_size = 1024
learner = adam
learning_rate = 0.001
train_neg_sample_args = {'distribution': 'none', 'sample_num': 'none', 'alpha': 'none', 'dynamic': False, 'candidate_num': 0}
eval_step = 1
stopping_step = 10
clip_grad_norm = None
weight_decay = 0.0
loss_decimal_place = 4

Evaluation Hyper Parameters:
eval_args = {'split': {'RS': [0.8, 0.1, 0.1]}, 'order': 'RO', 'group_by': None, 'mode': 'labeled'}
repeatable = False
metrics = ['AUC', 'LogLoss']
topk = [10]
valid_metric = AUC
valid_metric_bigger = True
eval_batch_size = 1024
metric_decimal_place = 4

Dataset Hyper Parameters:
field_separator = 	
seq_separator =  
USER_ID_FIELD = user_id
ITEM_ID_FIELD = item_id
RATING_FIELD = user_rating
TIME_FIELD = timestamp
seq_len = None
LABEL_FIELD = label
threshold = {'user_rating': 3.5}
NEG_PREFIX = neg_
load_col = {'user': ['user_id', 'count', 'mean'], 'inter': ['user_id', 'user_rating', 'item_id'], 'item': ['country', 'region', 'winery', 'winetype', 'grape', 'vintage', 'price', 'rating', 'num_votes', 'wine_style', 'Red Fruit_count', 'Tropical_count', 'Tree Fruit_count', 'Oaky_count', 'Ageing_count', 'Black Fruit_count', 'Citrus_count', 'Dried Fruit_count', 'Earthy_count', 'Floral_count', 'Microbio_count', 'Spices_count', 'Vegetal_count', 'item_id']}
unload_col = None
unused_col = None
additional_feat_suffix = None
rm_dup_inter = None
val_interval = None
filter_inter_by_user_or_item = True
user_inter_num_interval = [0,inf)
item_inter_num_interval = [0,inf)
alias_of_user_id = None
alias_of_item_id = None
alias_of_entity_id = None
alias_of_relation_id = None
preload_weight = None
normalize_field = None
normalize_all = True
ITEM_LIST_LENGTH_FIELD = item_length
LIST_SUFFIX = _list
MAX_ITEM_LIST_LENGTH = 50
POSITION_FIELD = position_id
HEAD_ENTITY_ID_FIELD = head_id
TAIL_ENTITY_ID_FIELD = tail_id
RELATION_ID_FIELD = relation_id
ENTITY_ID_FIELD = entity_id
benchmark_filename = None

Other Hyper Parameters: 
worker = 0
wandb_project = recbole
shuffle = True
require_pow = False
enable_amp = False
enable_scaler = False
transform = None
embedding_size = 10
mlp_hidden_size = [256, 256, 256]
cross_layer_num = 6
reg_weight = 2
dropout_prob = 0.2
numerical_features = []
discretization = None
kg_reverse_r = False
entity_kg_num_interval = [0,inf)
relation_kg_num_interval = [0,inf)
MODEL_TYPE = ModelType.CONTEXT
device = cuda
MODEL_INPUT_TYPE = InputType.POINTWISE
eval_type = EvaluatorType.VALUE
single_spec = True
local_rank = 0
eval_neg_sample_args = {'distribution': 'none', 'sample_num': 'none'}


Fri 07 Jul 2023 15:33:22 INFO  ['/opt/conda/lib/python3.8/site-packages/ipykernel_launcher.py', '--ip=127.0.0.1', '--stdin=9003', '--control=9001', '--hb=9000', '--Session.signature_scheme="hmac-sha256"', '--Session.key=b"0792be02-465e-4d40-a788-8ce19f865551"', '--shell=9002', '--transport="tcp"', '--iopub=9004', '--f=/opt/ml/.local/share/jupyter/runtime/kernel-v2-85391nGXq2Jfy7EcQ.json']
Fri 07 Jul 2023 15:33:22 INFO  
General Hyper Parameters:
gpu_id = 0
use_gpu = True
seed = 2020
state = INFO
reproducibility = True
data_path = /opt/ml/wine/dataset/train_data
checkpoint_dir = saved
show_progress = False
save_dataset = False
dataset_save_path = None
save_dataloaders = False
dataloaders_save_path = None
log_wandb = False

Training Hyper Parameters:
epochs = 500
train_batch_size = 1024
learner = adam
learning_rate = 0.001
train_neg_sample_args = {'distribution': 'none', 'sample_num': 'none', 'alpha': 'none', 'dynamic': False, 'candidate_num': 0}
eval_step = 1
stopping_step = 10
clip_grad_norm = None
weight_decay = 0.0
loss_decimal_place = 4

Evaluation Hyper Parameters:
eval_args = {'split': {'RS': [0.8, 0.1, 0.1]}, 'order': 'RO', 'group_by': None, 'mode': 'labeled'}
repeatable = False
metrics = ['AUC', 'LogLoss']
topk = [10]
valid_metric = AUC
valid_metric_bigger = True
eval_batch_size = 1024
metric_decimal_place = 4

Dataset Hyper Parameters:
field_separator = 	
seq_separator =  
USER_ID_FIELD = user_id
ITEM_ID_FIELD = item_id
RATING_FIELD = user_rating
TIME_FIELD = timestamp
seq_len = None
LABEL_FIELD = label
threshold = {'user_rating': 3.5}
NEG_PREFIX = neg_
load_col = {'user': ['user_id', 'count', 'mean'], 'inter': ['user_id', 'user_rating', 'item_id'], 'item': ['country', 'region', 'winery', 'winetype', 'grape', 'vintage', 'price', 'rating', 'num_votes', 'wine_style', 'Red Fruit_count', 'Tropical_count', 'Tree Fruit_count', 'Oaky_count', 'Ageing_count', 'Black Fruit_count', 'Citrus_count', 'Dried Fruit_count', 'Earthy_count', 'Floral_count', 'Microbio_count', 'Spices_count', 'Vegetal_count', 'item_id']}
unload_col = None
unused_col = None
additional_feat_suffix = None
rm_dup_inter = None
val_interval = None
filter_inter_by_user_or_item = True
user_inter_num_interval = [0,inf)
item_inter_num_interval = [0,inf)
alias_of_user_id = None
alias_of_item_id = None
alias_of_entity_id = None
alias_of_relation_id = None
preload_weight = None
normalize_field = None
normalize_all = True
ITEM_LIST_LENGTH_FIELD = item_length
LIST_SUFFIX = _list
MAX_ITEM_LIST_LENGTH = 50
POSITION_FIELD = position_id
HEAD_ENTITY_ID_FIELD = head_id
TAIL_ENTITY_ID_FIELD = tail_id
RELATION_ID_FIELD = relation_id
ENTITY_ID_FIELD = entity_id
benchmark_filename = None

Other Hyper Parameters: 
worker = 0
wandb_project = recbole
shuffle = True
require_pow = False
enable_amp = False
enable_scaler = False
transform = None
embedding_size = 10
mlp_hidden_size = [256, 256, 256]
cross_layer_num = 6
reg_weight = 2
dropout_prob = 0.2
numerical_features = []
discretization = None
kg_reverse_r = False
entity_kg_num_interval = [0,inf)
relation_kg_num_interval = [0,inf)
MODEL_TYPE = ModelType.CONTEXT
device = cuda
MODEL_INPUT_TYPE = InputType.POINTWISE
eval_type = EvaluatorType.VALUE
single_spec = True
local_rank = 0
eval_neg_sample_args = {'distribution': 'none', 'sample_num': 'none'}


Fri 07 Jul 2023 15:36:30 INFO  ['/opt/conda/lib/python3.8/site-packages/ipykernel_launcher.py', '--ip=127.0.0.1', '--stdin=9003', '--control=9001', '--hb=9000', '--Session.signature_scheme="hmac-sha256"', '--Session.key=b"0792be02-465e-4d40-a788-8ce19f865551"', '--shell=9002', '--transport="tcp"', '--iopub=9004', '--f=/opt/ml/.local/share/jupyter/runtime/kernel-v2-85391nGXq2Jfy7EcQ.json']
Fri 07 Jul 2023 15:36:30 INFO  
General Hyper Parameters:
gpu_id = 0
use_gpu = True
seed = 2020
state = INFO
reproducibility = True
data_path = /opt/ml/wine/dataset/train_data
checkpoint_dir = saved
show_progress = False
save_dataset = False
dataset_save_path = None
save_dataloaders = False
dataloaders_save_path = None
log_wandb = False

Training Hyper Parameters:
epochs = 500
train_batch_size = 1024
learner = adam
learning_rate = 0.001
train_neg_sample_args = {'distribution': 'none', 'sample_num': 'none', 'alpha': 'none', 'dynamic': False, 'candidate_num': 0}
eval_step = 1
stopping_step = 10
clip_grad_norm = None
weight_decay = 0.0
loss_decimal_place = 4

Evaluation Hyper Parameters:
eval_args = {'split': {'RS': [0.8, 0.1, 0.1]}, 'order': 'RO', 'group_by': None, 'mode': 'labeled'}
repeatable = False
metrics = ['AUC', 'LogLoss']
topk = [10]
valid_metric = AUC
valid_metric_bigger = True
eval_batch_size = 1024
metric_decimal_place = 4

Dataset Hyper Parameters:
field_separator = 	
seq_separator =  
USER_ID_FIELD = user_id
ITEM_ID_FIELD = item_id
RATING_FIELD = user_rating
TIME_FIELD = timestamp
seq_len = None
LABEL_FIELD = label
threshold = {'user_rating': 3.5}
NEG_PREFIX = neg_
load_col = {'user': ['user_id', 'count', 'mean'], 'inter': ['user_id', 'user_rating', 'item_id'], 'item': ['country', 'region', 'winery', 'winetype', 'grape', 'vintage', 'price', 'rating', 'num_votes', 'wine_style', 'Red Fruit_count', 'Tropical_count', 'Tree Fruit_count', 'Oaky_count', 'Ageing_count', 'Black Fruit_count', 'Citrus_count', 'Dried Fruit_count', 'Earthy_count', 'Floral_count', 'Microbio_count', 'Spices_count', 'Vegetal_count', 'item_id']}
unload_col = None
unused_col = None
additional_feat_suffix = None
rm_dup_inter = None
val_interval = None
filter_inter_by_user_or_item = True
user_inter_num_interval = [0,inf)
item_inter_num_interval = [0,inf)
alias_of_user_id = None
alias_of_item_id = None
alias_of_entity_id = None
alias_of_relation_id = None
preload_weight = None
normalize_field = None
normalize_all = True
ITEM_LIST_LENGTH_FIELD = item_length
LIST_SUFFIX = _list
MAX_ITEM_LIST_LENGTH = 50
POSITION_FIELD = position_id
HEAD_ENTITY_ID_FIELD = head_id
TAIL_ENTITY_ID_FIELD = tail_id
RELATION_ID_FIELD = relation_id
ENTITY_ID_FIELD = entity_id
benchmark_filename = None

Other Hyper Parameters: 
worker = 0
wandb_project = recbole
shuffle = True
require_pow = False
enable_amp = False
enable_scaler = False
transform = None
embedding_size = 10
mlp_hidden_size = [256, 256, 256]
cross_layer_num = 6
reg_weight = 2
dropout_prob = 0.2
numerical_features = []
discretization = None
kg_reverse_r = False
entity_kg_num_interval = [0,inf)
relation_kg_num_interval = [0,inf)
MODEL_TYPE = ModelType.CONTEXT
device = cuda
MODEL_INPUT_TYPE = InputType.POINTWISE
eval_type = EvaluatorType.VALUE
single_spec = True
local_rank = 0
eval_neg_sample_args = {'distribution': 'none', 'sample_num': 'none'}


Fri 07 Jul 2023 15:37:38 INFO  ['/opt/conda/lib/python3.8/site-packages/ipykernel_launcher.py', '--ip=127.0.0.1', '--stdin=9003', '--control=9001', '--hb=9000', '--Session.signature_scheme="hmac-sha256"', '--Session.key=b"0792be02-465e-4d40-a788-8ce19f865551"', '--shell=9002', '--transport="tcp"', '--iopub=9004', '--f=/opt/ml/.local/share/jupyter/runtime/kernel-v2-85391nGXq2Jfy7EcQ.json']
Fri 07 Jul 2023 15:37:38 INFO  
General Hyper Parameters:
gpu_id = 0
use_gpu = True
seed = 2020
state = INFO
reproducibility = True
data_path = /opt/ml/wine/dataset/train_data
checkpoint_dir = saved
show_progress = False
save_dataset = False
dataset_save_path = None
save_dataloaders = False
dataloaders_save_path = None
log_wandb = False

Training Hyper Parameters:
epochs = 500
train_batch_size = 1024
learner = adam
learning_rate = 0.001
train_neg_sample_args = {'distribution': 'none', 'sample_num': 'none', 'alpha': 'none', 'dynamic': False, 'candidate_num': 0}
eval_step = 1
stopping_step = 10
clip_grad_norm = None
weight_decay = 0.0
loss_decimal_place = 4

Evaluation Hyper Parameters:
eval_args = {'split': {'RS': [0.8, 0.1, 0.1]}, 'order': 'RO', 'group_by': None, 'mode': 'labeled'}
repeatable = False
metrics = ['AUC', 'LogLoss']
topk = [10]
valid_metric = AUC
valid_metric_bigger = True
eval_batch_size = 1024
metric_decimal_place = 4

Dataset Hyper Parameters:
field_separator = 	
seq_separator =  
USER_ID_FIELD = user_id
ITEM_ID_FIELD = item_id
RATING_FIELD = user_rating
TIME_FIELD = timestamp
seq_len = None
LABEL_FIELD = label
threshold = {'user_rating': 3.5}
NEG_PREFIX = neg_
load_col = {'user': ['user_id', 'count', 'mean'], 'inter': ['user_id', 'user_rating', 'item_id'], 'item': ['country', 'region', 'winery', 'winetype', 'grape', 'vintage', 'price', 'rating', 'num_votes', 'wine_style', 'Red Fruit_count', 'Tropical_count', 'Tree Fruit_count', 'Oaky_count', 'Ageing_count', 'Black Fruit_count', 'Citrus_count', 'Dried Fruit_count', 'Earthy_count', 'Floral_count', 'Microbio_count', 'Spices_count', 'Vegetal_count', 'item_id']}
unload_col = None
unused_col = None
additional_feat_suffix = None
rm_dup_inter = None
val_interval = None
filter_inter_by_user_or_item = True
user_inter_num_interval = [0,inf)
item_inter_num_interval = [0,inf)
alias_of_user_id = None
alias_of_item_id = None
alias_of_entity_id = None
alias_of_relation_id = None
preload_weight = None
normalize_field = None
normalize_all = True
ITEM_LIST_LENGTH_FIELD = item_length
LIST_SUFFIX = _list
MAX_ITEM_LIST_LENGTH = 50
POSITION_FIELD = position_id
HEAD_ENTITY_ID_FIELD = head_id
TAIL_ENTITY_ID_FIELD = tail_id
RELATION_ID_FIELD = relation_id
ENTITY_ID_FIELD = entity_id
benchmark_filename = None

Other Hyper Parameters: 
worker = 0
wandb_project = recbole
shuffle = True
require_pow = False
enable_amp = False
enable_scaler = False
transform = None
embedding_size = 10
mlp_hidden_size = [256, 256, 256]
cross_layer_num = 6
reg_weight = 2
dropout_prob = 0.2
numerical_features = []
discretization = None
kg_reverse_r = False
entity_kg_num_interval = [0,inf)
relation_kg_num_interval = [0,inf)
MODEL_TYPE = ModelType.CONTEXT
device = cuda
MODEL_INPUT_TYPE = InputType.POINTWISE
eval_type = EvaluatorType.VALUE
single_spec = True
local_rank = 0
eval_neg_sample_args = {'distribution': 'none', 'sample_num': 'none'}


Fri 07 Jul 2023 15:39:01 INFO  ['/opt/conda/lib/python3.8/site-packages/ipykernel_launcher.py', '--ip=127.0.0.1', '--stdin=9003', '--control=9001', '--hb=9000', '--Session.signature_scheme="hmac-sha256"', '--Session.key=b"0792be02-465e-4d40-a788-8ce19f865551"', '--shell=9002', '--transport="tcp"', '--iopub=9004', '--f=/opt/ml/.local/share/jupyter/runtime/kernel-v2-85391nGXq2Jfy7EcQ.json']
Fri 07 Jul 2023 15:39:01 INFO  
General Hyper Parameters:
gpu_id = 0
use_gpu = True
seed = 2020
state = INFO
reproducibility = True
data_path = /opt/ml/wine/dataset/train_data
checkpoint_dir = saved
show_progress = False
save_dataset = False
dataset_save_path = None
save_dataloaders = False
dataloaders_save_path = None
log_wandb = False

Training Hyper Parameters:
epochs = 500
train_batch_size = 1024
learner = adam
learning_rate = 0.001
train_neg_sample_args = {'distribution': 'none', 'sample_num': 'none', 'alpha': 'none', 'dynamic': False, 'candidate_num': 0}
eval_step = 1
stopping_step = 10
clip_grad_norm = None
weight_decay = 0.0
loss_decimal_place = 4

Evaluation Hyper Parameters:
eval_args = {'split': {'RS': [0.8, 0.1, 0.1]}, 'order': 'RO', 'group_by': None, 'mode': 'labeled'}
repeatable = False
metrics = ['AUC', 'LogLoss']
topk = [10]
valid_metric = AUC
valid_metric_bigger = True
eval_batch_size = 1024
metric_decimal_place = 4

Dataset Hyper Parameters:
field_separator = 	
seq_separator =  
USER_ID_FIELD = user_id
ITEM_ID_FIELD = item_id
RATING_FIELD = user_rating
TIME_FIELD = timestamp
seq_len = None
LABEL_FIELD = label
threshold = {'user_rating': 3.5}
NEG_PREFIX = neg_
load_col = {'user': ['user_id', 'count', 'mean'], 'inter': ['user_id', 'user_rating', 'item_id'], 'item': ['country', 'region', 'winery', 'winetype', 'grape', 'vintage', 'price', 'rating', 'num_votes', 'wine_style', 'Red Fruit_count', 'Tropical_count', 'Tree Fruit_count', 'Oaky_count', 'Ageing_count', 'Black Fruit_count', 'Citrus_count', 'Dried Fruit_count', 'Earthy_count', 'Floral_count', 'Microbio_count', 'Spices_count', 'Vegetal_count', 'item_id']}
unload_col = None
unused_col = None
additional_feat_suffix = None
rm_dup_inter = None
val_interval = None
filter_inter_by_user_or_item = True
user_inter_num_interval = [0,inf)
item_inter_num_interval = [0,inf)
alias_of_user_id = None
alias_of_item_id = None
alias_of_entity_id = None
alias_of_relation_id = None
preload_weight = None
normalize_field = None
normalize_all = True
ITEM_LIST_LENGTH_FIELD = item_length
LIST_SUFFIX = _list
MAX_ITEM_LIST_LENGTH = 50
POSITION_FIELD = position_id
HEAD_ENTITY_ID_FIELD = head_id
TAIL_ENTITY_ID_FIELD = tail_id
RELATION_ID_FIELD = relation_id
ENTITY_ID_FIELD = entity_id
benchmark_filename = None

Other Hyper Parameters: 
worker = 0
wandb_project = recbole
shuffle = True
require_pow = False
enable_amp = False
enable_scaler = False
transform = None
embedding_size = 10
mlp_hidden_size = [256, 256, 256]
cross_layer_num = 6
reg_weight = 2
dropout_prob = 0.2
numerical_features = []
discretization = None
kg_reverse_r = False
entity_kg_num_interval = [0,inf)
relation_kg_num_interval = [0,inf)
MODEL_TYPE = ModelType.CONTEXT
device = cuda
MODEL_INPUT_TYPE = InputType.POINTWISE
eval_type = EvaluatorType.VALUE
single_spec = True
local_rank = 0
eval_neg_sample_args = {'distribution': 'none', 'sample_num': 'none'}


